\BOOKMARK [0][-]{chapter.1}{\376\377\0001\000\040\000H\000i\000e\000r\000a\000r\000c\000h\000i\000c\000a\000l\000\040\000I\000n\000d\000e\000x}{}% 1
\BOOKMARK [1][-]{section.1.1}{\376\377\0001\000.\0001\000\040\000C\000l\000a\000s\000s\000\040\000H\000i\000e\000r\000a\000r\000c\000h\000y}{chapter.1}% 2
\BOOKMARK [0][-]{chapter.2}{\376\377\0002\000\040\000C\000l\000a\000s\000s\000\040\000I\000n\000d\000e\000x}{}% 3
\BOOKMARK [1][-]{section.2.1}{\376\377\0002\000.\0001\000\040\000C\000l\000a\000s\000s\000\040\000L\000i\000s\000t}{chapter.2}% 4
\BOOKMARK [0][-]{chapter.3}{\376\377\0003\000\040\000C\000l\000a\000s\000s\000\040\000D\000o\000c\000u\000m\000e\000n\000t\000a\000t\000i\000o\000n}{}% 5
\BOOKMARK [1][-]{section.3.1}{\376\377\0003\000.\0001\000\040\000B\000u\000t\000t\000o\000n\000C\000o\000n\000t\000r\000o\000l\000l\000e\000r\000\040\000C\000l\000a\000s\000s\000\040\000R\000e\000f\000e\000r\000e\000n\000c\000e}{chapter.3}% 6
\BOOKMARK [1][-]{section.3.2}{\376\377\0003\000.\0002\000\040\000C\000h\000a\000n\000g\000e\000S\000c\000e\000n\000e\000\040\000C\000l\000a\000s\000s\000\040\000R\000e\000f\000e\000r\000e\000n\000c\000e}{chapter.3}% 7
\BOOKMARK [2][-]{subsection.3.2.1}{\376\377\0003\000.\0002\000.\0001\000\040\000M\000e\000m\000b\000e\000r\000\040\000F\000u\000n\000c\000t\000i\000o\000n\000\040\000D\000o\000c\000u\000m\000e\000n\000t\000a\000t\000i\000o\000n}{section.3.2}% 8
\BOOKMARK [3][-]{subsubsection.3.2.1.1}{\376\377\0003\000.\0002\000.\0001\000.\0001\000\040\000B\000t\000n\000C\000h\000a\000n\000g\000e\000S\000c\000e\000n\000e\000\050\000\051}{subsection.3.2.1}% 9
\BOOKMARK [1][-]{section.3.3}{\376\377\0003\000.\0003\000\040\000C\000o\000l\000l\000i\000s\000i\000o\000n\000D\000e\000t\000e\000c\000t\000o\000r\000\040\000C\000l\000a\000s\000s\000\040\000R\000e\000f\000e\000r\000e\000n\000c\000e}{chapter.3}% 10
\BOOKMARK [1][-]{section.3.4}{\376\377\0003\000.\0004\000\040\000C\000o\000m\000p\000l\000e\000t\000e\000S\000c\000r\000e\000e\000n\000\040\000C\000l\000a\000s\000s\000\040\000R\000e\000f\000e\000r\000e\000n\000c\000e}{chapter.3}% 11
\BOOKMARK [2][-]{subsection.3.4.1}{\376\377\0003\000.\0004\000.\0001\000\040\000M\000e\000m\000b\000e\000r\000\040\000F\000u\000n\000c\000t\000i\000o\000n\000\040\000D\000o\000c\000u\000m\000e\000n\000t\000a\000t\000i\000o\000n}{section.3.4}% 12
\BOOKMARK [3][-]{subsubsection.3.4.1.1}{\376\377\0003\000.\0004\000.\0001\000.\0001\000\040\000D\000i\000s\000p\000l\000a\000y\000C\000o\000m\000p\000l\000e\000t\000e\000S\000c\000r\000e\000e\000n\000\050\000\051}{subsection.3.4.1}% 13
\BOOKMARK [1][-]{section.3.5}{\376\377\0003\000.\0005\000\040\000D\000e\000t\000e\000c\000t\000K\000e\000y\000\040\000C\000l\000a\000s\000s\000\040\000R\000e\000f\000e\000r\000e\000n\000c\000e}{chapter.3}% 14
\BOOKMARK [1][-]{section.3.6}{\376\377\0003\000.\0006\000\040\000E\000f\000f\000e\000c\000t\000M\000a\000n\000a\000g\000e\000r\000\040\000C\000l\000a\000s\000s\000\040\000R\000e\000f\000e\000r\000e\000n\000c\000e}{chapter.3}% 15
\BOOKMARK [1][-]{section.3.7}{\376\377\0003\000.\0007\000\040\000E\000f\000f\000e\000c\000t\000s\000\040\000C\000l\000a\000s\000s\000\040\000R\000e\000f\000e\000r\000e\000n\000c\000e}{chapter.3}% 16
\BOOKMARK [1][-]{section.3.8}{\376\377\0003\000.\0008\000\040\000F\000i\000l\000e\000I\000O\000\040\000C\000l\000a\000s\000s\000\040\000R\000e\000f\000e\000r\000e\000n\000c\000e}{chapter.3}% 17
\BOOKMARK [2][-]{subsection.3.8.1}{\376\377\0003\000.\0008\000.\0001\000\040\000M\000e\000m\000b\000e\000r\000\040\000F\000u\000n\000c\000t\000i\000o\000n\000\040\000D\000o\000c\000u\000m\000e\000n\000t\000a\000t\000i\000o\000n}{section.3.8}% 18
\BOOKMARK [3][-]{subsubsection.3.8.1.1}{\376\377\0003\000.\0008\000.\0001\000.\0001\000\040\000A\000d\000d\000E\000n\000t\000r\000y\000T\000o\000L\000e\000a\000d\000e\000r\000b\000o\000a\000r\000d\000\050\000\051}{subsection.3.8.1}% 19
\BOOKMARK [3][-]{subsubsection.3.8.1.2}{\376\377\0003\000.\0008\000.\0001\000.\0002\000\040\000G\000e\000t\000L\000e\000a\000d\000e\000r\000b\000o\000a\000r\000d\000L\000i\000s\000t\000\050\000\051}{subsection.3.8.1}% 20
\BOOKMARK [3][-]{subsubsection.3.8.1.3}{\376\377\0003\000.\0008\000.\0001\000.\0003\000\040\000R\000e\000a\000d\000F\000i\000l\000e\000\050\000\051}{subsection.3.8.1}% 21
\BOOKMARK [1][-]{section.3.9}{\376\377\0003\000.\0009\000\040\000G\000a\000m\000e\000M\000a\000n\000a\000g\000e\000r\000\040\000C\000l\000a\000s\000s\000\040\000R\000e\000f\000e\000r\000e\000n\000c\000e}{chapter.3}% 22
\BOOKMARK [2][-]{subsection.3.9.1}{\376\377\0003\000.\0009\000.\0001\000\040\000M\000e\000m\000b\000e\000r\000\040\000F\000u\000n\000c\000t\000i\000o\000n\000\040\000D\000o\000c\000u\000m\000e\000n\000t\000a\000t\000i\000o\000n}{section.3.9}% 23
\BOOKMARK [3][-]{subsubsection.3.9.1.1}{\376\377\0003\000.\0009\000.\0001\000.\0001\000\040\000S\000e\000t\000M\000u\000l\000t\000i\000p\000l\000i\000e\000r\000\050\000\051}{subsection.3.9.1}% 24
\BOOKMARK [3][-]{subsubsection.3.9.1.2}{\376\377\0003\000.\0009\000.\0001\000.\0002\000\040\000S\000e\000t\000S\000c\000o\000r\000e\000\050\000\051}{subsection.3.9.1}% 25
\BOOKMARK [1][-]{section.3.10}{\376\377\0003\000.\0001\0000\000\040\000L\000e\000a\000d\000e\000r\000b\000o\000a\000r\000d\000E\000n\000t\000r\000y\000\040\000C\000l\000a\000s\000s\000\040\000R\000e\000f\000e\000r\000e\000n\000c\000e}{chapter.3}% 26
\BOOKMARK [1][-]{section.3.11}{\376\377\0003\000.\0001\0001\000\040\000L\000o\000a\000d\000S\000e\000t\000t\000i\000n\000g\000s\000\040\000C\000l\000a\000s\000s\000\040\000R\000e\000f\000e\000r\000e\000n\000c\000e}{chapter.3}% 27
\BOOKMARK [1][-]{section.3.12}{\376\377\0003\000.\0001\0002\000\040\000M\000a\000i\000n\000M\000e\000n\000u\000\040\000C\000l\000a\000s\000s\000\040\000R\000e\000f\000e\000r\000e\000n\000c\000e}{chapter.3}% 28
\BOOKMARK [1][-]{section.3.13}{\376\377\0003\000.\0001\0003\000\040\000M\000M\000S\000e\000t\000t\000i\000n\000g\000s\000\040\000C\000l\000a\000s\000s\000\040\000R\000e\000f\000e\000r\000e\000n\000c\000e}{chapter.3}% 29
\BOOKMARK [1][-]{section.3.14}{\376\377\0003\000.\0001\0004\000\040\000N\000o\000t\000e\000O\000b\000j\000e\000c\000t\000\040\000C\000l\000a\000s\000s\000\040\000R\000e\000f\000e\000r\000e\000n\000c\000e}{chapter.3}% 30
\BOOKMARK [1][-]{section.3.15}{\376\377\0003\000.\0001\0005\000\040\000N\000o\000t\000e\000S\000c\000r\000o\000l\000l\000e\000r\000\040\000C\000l\000a\000s\000s\000\040\000R\000e\000f\000e\000r\000e\000n\000c\000e}{chapter.3}% 31
\BOOKMARK [1][-]{section.3.16}{\376\377\0003\000.\0001\0006\000\040\000N\000o\000t\000e\000S\000p\000a\000w\000n\000e\000r\000\040\000C\000l\000a\000s\000s\000\040\000R\000e\000f\000e\000r\000e\000n\000c\000e}{chapter.3}% 32
\BOOKMARK [1][-]{section.3.17}{\376\377\0003\000.\0001\0007\000\040\000P\000a\000u\000s\000e\000M\000e\000n\000u\000\040\000C\000l\000a\000s\000s\000\040\000R\000e\000f\000e\000r\000e\000n\000c\000e}{chapter.3}% 33
\BOOKMARK [1][-]{section.3.18}{\376\377\0003\000.\0001\0008\000\040\000P\000o\000p\000u\000l\000a\000t\000e\000L\000e\000a\000d\000e\000r\000b\000o\000a\000r\000d\000\040\000C\000l\000a\000s\000s\000\040\000R\000e\000f\000e\000r\000e\000n\000c\000e}{chapter.3}% 34
\BOOKMARK [1][-]{section.3.19}{\376\377\0003\000.\0001\0009\000\040\000Q\000u\000i\000t\000G\000a\000m\000e\000\040\000C\000l\000a\000s\000s\000\040\000R\000e\000f\000e\000r\000e\000n\000c\000e}{chapter.3}% 35
\BOOKMARK [1][-]{section.3.20}{\376\377\0003\000.\0002\0000\000\040\000S\000c\000o\000r\000e\000C\000a\000l\000c\000u\000l\000a\000t\000o\000r\000\040\000C\000l\000a\000s\000s\000\040\000R\000e\000f\000e\000r\000e\000n\000c\000e}{chapter.3}% 36
\BOOKMARK [2][-]{subsection.3.20.1}{\376\377\0003\000.\0002\0000\000.\0001\000\040\000M\000e\000m\000b\000e\000r\000\040\000F\000u\000n\000c\000t\000i\000o\000n\000\040\000D\000o\000c\000u\000m\000e\000n\000t\000a\000t\000i\000o\000n}{section.3.20}% 37
\BOOKMARK [3][-]{subsubsection.3.20.1.1}{\376\377\0003\000.\0002\0000\000.\0001\000.\0001\000\040\000A\000c\000c\000u\000r\000a\000c\000y\000C\000a\000l\000c\000u\000l\000a\000t\000i\000o\000n\000\050\000\051}{subsection.3.20.1}% 38
\BOOKMARK [3][-]{subsubsection.3.20.1.2}{\376\377\0003\000.\0002\0000\000.\0001\000.\0002\000\040\000G\000o\000o\000d\000H\000i\000t\000\050\000\051}{subsection.3.20.1}% 39
\BOOKMARK [3][-]{subsubsection.3.20.1.3}{\376\377\0003\000.\0002\0000\000.\0001\000.\0003\000\040\000L\000o\000n\000g\000H\000i\000t\000\050\000\051}{subsection.3.20.1}% 40
\BOOKMARK [3][-]{subsubsection.3.20.1.4}{\376\377\0003\000.\0002\0000\000.\0001\000.\0004\000\040\000N\000o\000r\000m\000a\000l\000H\000i\000t\000\050\000\051}{subsection.3.20.1}% 41
\BOOKMARK [3][-]{subsubsection.3.20.1.5}{\376\377\0003\000.\0002\0000\000.\0001\000.\0005\000\040\000N\000o\000t\000e\000M\000i\000s\000s\000e\000d\000\050\000\051}{subsection.3.20.1}% 42
\BOOKMARK [3][-]{subsubsection.3.20.1.6}{\376\377\0003\000.\0002\0000\000.\0001\000.\0006\000\040\000P\000e\000r\000f\000e\000c\000t\000H\000i\000t\000\050\000\051}{subsection.3.20.1}% 43
\BOOKMARK [1][-]{section.3.21}{\376\377\0003\000.\0002\0001\000\040\000S\000e\000t\000t\000i\000n\000g\000s\000M\000e\000n\000u\000\040\000C\000l\000a\000s\000s\000\040\000R\000e\000f\000e\000r\000e\000n\000c\000e}{chapter.3}% 44
\BOOKMARK [0][-]{section*.30}{\376\377\000I\000n\000d\000e\000x}{}% 45
